# JRE version: Java(TM) SE Runtime Environment (11.0.3+12) (build 11.0.3+12-LTS)
# Java VM: Java HotSpot(TM) 64-Bit Server VM (11.0.3+12-LTS, mixed mode, tiered, compressed oops, g1 gc, linux-amd64)
Heap:
 garbage-first heap   total 380928K, used 7242K [0x0000000085000000, 0x0000000100000000)
  region size 1024K, 1 young (1024K), 1 survivors (1024K)
 Metaspace       used 20662K, capacity 21132K, committed 21552K, reserved 1069056K
  class space    used 2509K, capacity 2650K, committed 2688K, reserved 1048576K
GC Heap History (10 events):
Event: 5,869 GC heap after
{Heap after GC invocations=1 (full 0):
 garbage-first heap   total 126976K, used 5144K [0x0000000085000000, 0x0000000100000000)
  region size 1024K, 3 young (3072K), 3 survivors (3072K)
 Metaspace       used 14026K, capacity 14437K, committed 14720K, reserved 1062912K
  class space    used 1513K, capacity 1620K, committed 1664K, reserved 1048576K
}
Event: 8,965 GC heap before
{Heap before GC invocations=1 (full 0):
 garbage-first heap   total 126976K, used 48152K [0x0000000085000000, 0x0000000100000000)
  region size 1024K, 46 young (47104K), 3 survivors (3072K)
 Metaspace       used 20530K, capacity 20926K, committed 21296K, reserved 1069056K
  class space    used 2504K, capacity 2648K, committed 2688K, reserved 1048576K
}
Event: 11,089 GC heap after
{Heap after GC invocations=2 (full 0):
 garbage-first heap   total 126976K, used 7025K [0x0000000085000000, 0x0000000100000000)
  region size 1024K, 5 young (5120K), 5 survivors (5120K)
 Metaspace       used 20530K, capacity 20926K, committed 21296K, reserved 1069056K
  class space    used 2504K, capacity 2648K, committed 2688K, reserved 1048576K
}
Event: 11,393 GC heap before
{Heap before GC invocations=2 (full 0):
 garbage-first heap   total 126976K, used 8049K [0x0000000085000000, 0x0000000100000000)
  region size 1024K, 6 young (6144K), 5 survivors (5120K)
 Metaspace       used 20583K, capacity 20992K, committed 21552K, reserved 1069056K
  class space    used 2508K, capacity 2648K, committed 2688K, reserved 1048576K
}
Event: 11,423 GC heap after
{Heap after GC invocations=3 (full 0):
 garbage-first heap   total 126976K, used 7503K [0x0000000085000000, 0x0000000100000000)
  region size 1024K, 1 young (1024K), 1 survivors (1024K)
 Metaspace       used 20583K, capacity 20992K, committed 21552K, reserved 1069056K
  class space    used 2508K, capacity 2648K, committed 2688K, reserved 1048576K
}
Event: 16,160 GC heap before
{Heap before GC invocations=4 (full 0):
 garbage-first heap   total 126976K, used 12623K [0x0000000085000000, 0x0000000100000000)
  region size 1024K, 6 young (6144K), 1 survivors (1024K)
 Metaspace       used 20622K, capacity 21004K, committed 21552K, reserved 1069056K
  class space    used 2509K, capacity 2650K, committed 2688K, reserved 1048576K
}
Event: 30,933 GC heap after
{Heap after GC invocations=5 (full 0):
 garbage-first heap   total 126976K, used 7037K [0x0000000085000000, 0x0000000100000000)
  region size 1024K, 1 young (1024K), 1 survivors (1024K)
 Metaspace       used 20622K, capacity 21004K, committed 21552K, reserved 1069056K
  class space    used 2509K, capacity 2650K, committed 2688K, reserved 1048576K
}
Event: 43,886 GC heap before
{Heap before GC invocations=5 (full 0):
 garbage-first heap   total 126976K, used 12157K [0x0000000085000000, 0x0000000100000000)
  region size 1024K, 6 young (6144K), 1 survivors (1024K)
 Metaspace       used 20638K, capacity 21068K, committed 21552K, reserved 1069056K
  class space    used 2509K, capacity 2650K, committed 2688K, reserved 1048576K
}
Event: 49,144 GC heap after
{Heap after GC invocations=6 (full 0):
 garbage-first heap   total 126976K, used 7111K [0x0000000085000000, 0x0000000100000000)
  region size 1024K, 1 young (1024K), 1 survivors (1024K)
 Metaspace       used 20638K, capacity 21068K, committed 21552K, reserved 1069056K
  class space    used 2509K, capacity 2650K, committed 2688K, reserved 1048576K
}
Event: 56,667 GC heap before
{Heap before GC invocations=6 (full 0):
 garbage-first heap   total 126976K, used 12231K [0x0000000085000000, 0x0000000100000000)
  region size 1024K, 6 young (6144K), 1 survivors (1024K)
 Metaspace       used 20662K, capacity 21132K, committed 21552K, reserved 1069056K
  class space    used 2509K, capacity 2650K, committed 2688K, reserved 1048576K
}

