# JRE version: Java(TM) SE Runtime Environment (11.0.3+12) (build 11.0.3+12-LTS)
# Java VM: Java HotSpot(TM) 64-Bit Server VM (11.0.3+12-LTS, mixed mode, tiered, compressed oops, g1 gc, linux-amd64)
Heap:
 garbage-first heap   total 380928K, used 7415K [0x0000000085000000, 0x0000000100000000)
  region size 1024K, 1 young (1024K), 1 survivors (1024K)
 Metaspace       used 20661K, capacity 21192K, committed 21552K, reserved 1069056K
  class space    used 2509K, capacity 2650K, committed 2688K, reserved 1048576K
GC Heap History (10 events):
Event: 2,798 GC heap after
{Heap after GC invocations=1 (full 0):
 garbage-first heap   total 126976K, used 5277K [0x0000000085000000, 0x0000000100000000)
  region size 1024K, 3 young (3072K), 3 survivors (3072K)
 Metaspace       used 14024K, capacity 14433K, committed 14720K, reserved 1062912K
  class space    used 1513K, capacity 1620K, committed 1664K, reserved 1048576K
}
Event: 5,891 GC heap before
{Heap before GC invocations=1 (full 0):
 garbage-first heap   total 126976K, used 47261K [0x0000000085000000, 0x0000000100000000)
  region size 1024K, 45 young (46080K), 3 survivors (3072K)
 Metaspace       used 20525K, capacity 20923K, committed 21296K, reserved 1069056K
  class space    used 2504K, capacity 2648K, committed 2688K, reserved 1048576K
}
Event: 8,015 GC heap after
{Heap after GC invocations=2 (full 0):
 garbage-first heap   total 126976K, used 7000K [0x0000000085000000, 0x0000000100000000)
  region size 1024K, 5 young (5120K), 5 survivors (5120K)
 Metaspace       used 20525K, capacity 20923K, committed 21296K, reserved 1069056K
  class space    used 2504K, capacity 2648K, committed 2688K, reserved 1048576K
}
Event: 8,319 GC heap before
{Heap before GC invocations=2 (full 0):
 garbage-first heap   total 126976K, used 8024K [0x0000000085000000, 0x0000000100000000)
  region size 1024K, 6 young (6144K), 5 survivors (5120K)
 Metaspace       used 20586K, capacity 20987K, committed 21552K, reserved 1069056K
  class space    used 2508K, capacity 2648K, committed 2688K, reserved 1048576K
}
Event: 8,350 GC heap after
{Heap after GC invocations=3 (full 0):
 garbage-first heap   total 126976K, used 7663K [0x0000000085000000, 0x0000000100000000)
  region size 1024K, 1 young (1024K), 1 survivors (1024K)
 Metaspace       used 20586K, capacity 20987K, committed 21552K, reserved 1069056K
  class space    used 2508K, capacity 2648K, committed 2688K, reserved 1048576K
}
Event: 13,722 GC heap before
{Heap before GC invocations=4 (full 0):
 garbage-first heap   total 126976K, used 12783K [0x0000000085000000, 0x0000000100000000)
  region size 1024K, 6 young (6144K), 1 survivors (1024K)
 Metaspace       used 20627K, capacity 21063K, committed 21552K, reserved 1069056K
  class space    used 2509K, capacity 2650K, committed 2688K, reserved 1048576K
}
Event: 27,858 GC heap after
{Heap after GC invocations=5 (full 0):
 garbage-first heap   total 126976K, used 7303K [0x0000000085000000, 0x0000000100000000)
  region size 1024K, 1 young (1024K), 1 survivors (1024K)
 Metaspace       used 20627K, capacity 21063K, committed 21552K, reserved 1069056K
  class space    used 2509K, capacity 2650K, committed 2688K, reserved 1048576K
}
Event: 40,812 GC heap before
{Heap before GC invocations=5 (full 0):
 garbage-first heap   total 126976K, used 12423K [0x0000000085000000, 0x0000000100000000)
  region size 1024K, 6 young (6144K), 1 survivors (1024K)
 Metaspace       used 20646K, capacity 21128K, committed 21552K, reserved 1069056K
  class space    used 2509K, capacity 2650K, committed 2688K, reserved 1048576K
}
Event: 46,070 GC heap after
{Heap after GC invocations=6 (full 0):
 garbage-first heap   total 126976K, used 7331K [0x0000000085000000, 0x0000000100000000)
  region size 1024K, 1 young (1024K), 1 survivors (1024K)
 Metaspace       used 20646K, capacity 21128K, committed 21552K, reserved 1069056K
  class space    used 2509K, capacity 2650K, committed 2688K, reserved 1048576K
}
Event: 53,593 GC heap before
{Heap before GC invocations=6 (full 0):
 garbage-first heap   total 126976K, used 12451K [0x0000000085000000, 0x0000000100000000)
  region size 1024K, 6 young (6144K), 1 survivors (1024K)
 Metaspace       used 20661K, capacity 21192K, committed 21552K, reserved 1069056K
  class space    used 2509K, capacity 2650K, committed 2688K, reserved 1048576K
}

