# JRE version: Java(TM) SE Runtime Environment (11.0.3+12) (build 11.0.3+12-LTS)
# Java VM: Java HotSpot(TM) 64-Bit Server VM (11.0.3+12-LTS, mixed mode, tiered, compressed oops, g1 gc, linux-amd64)
Heap:
 garbage-first heap   total 380928K, used 7613K [0x0000000085000000, 0x0000000100000000)
  region size 1024K, 1 young (1024K), 1 survivors (1024K)
 Metaspace       used 20910K, capacity 21388K, committed 21680K, reserved 1069056K
  class space    used 2550K, capacity 2714K, committed 2816K, reserved 1048576K
GC Heap History (9 events):
Event: 2,495 GC heap before
{Heap before GC invocations=0 (full 0):
 garbage-first heap   total 126976K, used 24576K [0x0000000085000000, 0x0000000100000000)
  region size 1024K, 24 young (24576K), 0 survivors (0K)
 Metaspace       used 14002K, capacity 14341K, committed 14720K, reserved 1062912K
  class space    used 1510K, capacity 1588K, committed 1664K, reserved 1048576K
}
Event: 2,534 GC heap after
{Heap after GC invocations=1 (full 0):
 garbage-first heap   total 126976K, used 5188K [0x0000000085000000, 0x0000000100000000)
  region size 1024K, 3 young (3072K), 3 survivors (3072K)
 Metaspace       used 14002K, capacity 14341K, committed 14720K, reserved 1062912K
  class space    used 1510K, capacity 1588K, committed 1664K, reserved 1048576K
}
Event: 4,830 GC heap before
{Heap before GC invocations=1 (full 0):
 garbage-first heap   total 126976K, used 67652K [0x0000000085000000, 0x0000000100000000)
  region size 1024K, 65 young (66560K), 3 survivors (3072K)
 Metaspace       used 20678K, capacity 21132K, committed 21296K, reserved 1069056K
  class space    used 2509K, capacity 2650K, committed 2688K, reserved 1048576K
}
Event: 5,973 GC heap after
{Heap after GC invocations=2 (full 0):
 garbage-first heap   total 126976K, used 7376K [0x0000000085000000, 0x0000000100000000)
  region size 1024K, 6 young (6144K), 6 survivors (6144K)
 Metaspace       used 20678K, capacity 21132K, committed 21296K, reserved 1069056K
  class space    used 2509K, capacity 2650K, committed 2688K, reserved 1048576K
}
Event: 6,277 GC heap before
{Heap before GC invocations=2 (full 0):
 garbage-first heap   total 126976K, used 8400K [0x0000000085000000, 0x0000000100000000)
  region size 1024K, 7 young (7168K), 6 survivors (6144K)
 Metaspace       used 20692K, capacity 21196K, committed 21552K, reserved 1069056K
  class space    used 2509K, capacity 2650K, committed 2688K, reserved 1048576K
}
Event: 6,308 GC heap after
{Heap after GC invocations=3 (full 0):
 garbage-first heap   total 126976K, used 7911K [0x0000000085000000, 0x0000000100000000)
  region size 1024K, 1 young (1024K), 1 survivors (1024K)
 Metaspace       used 20692K, capacity 21196K, committed 21552K, reserved 1069056K
  class space    used 2509K, capacity 2650K, committed 2688K, reserved 1048576K
}
Event: 11,418 GC heap before
{Heap before GC invocations=4 (full 0):
 garbage-first heap   total 126976K, used 13031K [0x0000000085000000, 0x0000000100000000)
  region size 1024K, 6 young (6144K), 1 survivors (1024K)
 Metaspace       used 20692K, capacity 21196K, committed 21552K, reserved 1069056K
  class space    used 2509K, capacity 2650K, committed 2688K, reserved 1048576K
}
Event: 25,817 GC heap after
{Heap after GC invocations=5 (full 0):
 garbage-first heap   total 126976K, used 7502K [0x0000000085000000, 0x0000000100000000)
  region size 1024K, 1 young (1024K), 1 survivors (1024K)
 Metaspace       used 20692K, capacity 21196K, committed 21552K, reserved 1069056K
  class space    used 2509K, capacity 2650K, committed 2688K, reserved 1048576K
}
Event: 67,766 GC heap before
{Heap before GC invocations=5 (full 0):
 garbage-first heap   total 126976K, used 12622K [0x0000000085000000, 0x0000000100000000)
  region size 1024K, 6 young (6144K), 1 survivors (1024K)
 Metaspace       used 20910K, capacity 21388K, committed 21680K, reserved 1069056K
  class space    used 2550K, capacity 2714K, committed 2816K, reserved 1048576K
}

