# JRE version: Java(TM) SE Runtime Environment (11.0.3+12) (build 11.0.3+12-LTS)
# Java VM: Java HotSpot(TM) 64-Bit Server VM (11.0.3+12-LTS, mixed mode, tiered, compressed oops, g1 gc, linux-amd64)
Heap:
 garbage-first heap   total 380928K, used 7337K [0x0000000085000000, 0x0000000100000000)
  region size 1024K, 1 young (1024K), 1 survivors (1024K)
 Metaspace       used 20667K, capacity 21196K, committed 21552K, reserved 1069056K
  class space    used 2509K, capacity 2650K, committed 2688K, reserved 1048576K
GC Heap History (10 events):
Event: 5,263 GC heap after
{Heap after GC invocations=1 (full 0):
 garbage-first heap   total 126976K, used 5289K [0x0000000085000000, 0x0000000100000000)
  region size 1024K, 3 young (3072K), 3 survivors (3072K)
 Metaspace       used 14011K, capacity 14341K, committed 14720K, reserved 1062912K
  class space    used 1510K, capacity 1588K, committed 1664K, reserved 1048576K
}
Event: 9,209 GC heap before
{Heap before GC invocations=1 (full 0):
 garbage-first heap   total 126976K, used 52393K [0x0000000085000000, 0x0000000100000000)
  region size 1024K, 50 young (51200K), 3 survivors (3072K)
 Metaspace       used 20626K, capacity 21004K, committed 21296K, reserved 1069056K
  class space    used 2509K, capacity 2650K, committed 2688K, reserved 1048576K
}
Event: 10,480 GC heap after
{Heap after GC invocations=2 (full 0):
 garbage-first heap   total 126976K, used 7042K [0x0000000085000000, 0x0000000100000000)
  region size 1024K, 5 young (5120K), 5 survivors (5120K)
 Metaspace       used 20626K, capacity 21004K, committed 21296K, reserved 1069056K
  class space    used 2509K, capacity 2650K, committed 2688K, reserved 1048576K
}
Event: 10,784 GC heap before
{Heap before GC invocations=2 (full 0):
 garbage-first heap   total 126976K, used 8066K [0x0000000085000000, 0x0000000100000000)
  region size 1024K, 6 young (6144K), 5 survivors (5120K)
 Metaspace       used 20634K, capacity 21068K, committed 21552K, reserved 1069056K
  class space    used 2509K, capacity 2650K, committed 2688K, reserved 1048576K
}
Event: 10,820 GC heap after
{Heap after GC invocations=3 (full 0):
 garbage-first heap   total 126976K, used 7595K [0x0000000085000000, 0x0000000100000000)
  region size 1024K, 1 young (1024K), 1 survivors (1024K)
 Metaspace       used 20634K, capacity 21068K, committed 21552K, reserved 1069056K
  class space    used 2509K, capacity 2650K, committed 2688K, reserved 1048576K
}
Event: 15,880 GC heap before
{Heap before GC invocations=4 (full 0):
 garbage-first heap   total 126976K, used 12715K [0x0000000085000000, 0x0000000100000000)
  region size 1024K, 6 young (6144K), 1 survivors (1024K)
 Metaspace       used 20641K, capacity 21068K, committed 21552K, reserved 1069056K
  class space    used 2509K, capacity 2650K, committed 2688K, reserved 1048576K
}
Event: 30,323 GC heap after
{Heap after GC invocations=5 (full 0):
 garbage-first heap   total 126976K, used 7220K [0x0000000085000000, 0x0000000100000000)
  region size 1024K, 1 young (1024K), 1 survivors (1024K)
 Metaspace       used 20641K, capacity 21068K, committed 21552K, reserved 1069056K
  class space    used 2509K, capacity 2650K, committed 2688K, reserved 1048576K
}
Event: 43,277 GC heap before
{Heap before GC invocations=5 (full 0):
 garbage-first heap   total 126976K, used 11316K [0x0000000085000000, 0x0000000100000000)
  region size 1024K, 6 young (6144K), 1 survivors (1024K)
 Metaspace       used 20643K, capacity 21068K, committed 21552K, reserved 1069056K
  class space    used 2509K, capacity 2650K, committed 2688K, reserved 1048576K
}
Event: 48,535 GC heap after
{Heap after GC invocations=6 (full 0):
 garbage-first heap   total 126976K, used 7246K [0x0000000085000000, 0x0000000100000000)
  region size 1024K, 1 young (1024K), 1 survivors (1024K)
 Metaspace       used 20643K, capacity 21068K, committed 21552K, reserved 1069056K
  class space    used 2509K, capacity 2650K, committed 2688K, reserved 1048576K
}
Event: 56,057 GC heap before
{Heap before GC invocations=6 (full 0):
 garbage-first heap   total 126976K, used 12366K [0x0000000085000000, 0x0000000100000000)
  region size 1024K, 6 young (6144K), 1 survivors (1024K)
 Metaspace       used 20667K, capacity 21196K, committed 21552K, reserved 1069056K
  class space    used 2509K, capacity 2650K, committed 2688K, reserved 1048576K
}

